# JRE version: OpenJDK Runtime Environment (21.0.6) (build 21.0.6+-13368085-b895.109)
# Java VM: OpenJDK 64-Bit Server VM (21.0.6+-13368085-b895.109, mixed mode, tiered, compressed oops, compressed class ptrs, g1 gc, bsd-amd64)
GC Precious Log:
 CardTable entry size: 512
 Card Set container configuration: InlinePtr #cards 4 size 8 Array Of Cards #cards 16 size 48 Howl #buckets 8 coarsen threshold 3686 Howl Bitmap #cards 512 size 80 coarsen threshold 460 Card regions per heap region 1 cards per card region 4096
 CPUs: 12 total, 12 available
 Memory: 16384M
 Large Page Support: Disabled
 NUMA Support: Disabled
 Compressed Oops: Enabled (Zero based)
 Heap Region Size: 2M
 Heap Min Capacity: 8M
 Heap Initial Capacity: 256M
 Heap Max Capacity: 4G
 Pre-touch: Disabled
 Parallel Workers: 10
 Concurrent Workers: 3
 Concurrent Refinement Workers: 10
 Periodic GC: Disabled
Heap:
 garbage-first heap   total 131072K, used 84851K [0x0000000700000000, 0x0000000800000000)
  region size 2048K, 4 young (8192K), 2 survivors (4096K)
 Metaspace       used 67387K, committed 68160K, reserved 1114112K
  class space    used 7664K, committed 8000K, reserved 1048576K
GC Heap History (20 events):
Event: 3.693 GC heap before
{Heap before GC invocations=11 (full 0):
 garbage-first heap   total 90112K, used 73350K [0x0000000700000000, 0x0000000800000000)
  region size 2048K, 21 young (43008K), 3 survivors (6144K)
 Metaspace       used 54853K, committed 55552K, reserved 1114112K
  class space    used 6520K, committed 6848K, reserved 1048576K
}
Event: 3.703 GC heap after
{Heap after GC invocations=12 (full 0):
 garbage-first heap   total 90112K, used 40614K [0x0000000700000000, 0x0000000800000000)
  region size 2048K, 2 young (4096K), 2 survivors (4096K)
 Metaspace       used 54853K, committed 55552K, reserved 1114112K
  class space    used 6520K, committed 6848K, reserved 1048576K
}
Event: 4.149 GC heap before
{Heap before GC invocations=12 (full 0):
 garbage-first heap   total 90112K, used 77478K [0x0000000700000000, 0x0000000800000000)
  region size 2048K, 19 young (38912K), 2 survivors (4096K)
 Metaspace       used 56392K, committed 57152K, reserved 1114112K
  class space    used 6634K, committed 6976K, reserved 1048576K
}
Event: 4.159 GC heap after
{Heap after GC invocations=13 (full 0):
 garbage-first heap   total 108544K, used 48755K [0x0000000700000000, 0x0000000800000000)
  region size 2048K, 3 young (6144K), 3 survivors (6144K)
 Metaspace       used 56392K, committed 57152K, reserved 1114112K
  class space    used 6634K, committed 6976K, reserved 1048576K
}
Event: 4.660 GC heap before
{Heap before GC invocations=13 (full 0):
 garbage-first heap   total 108544K, used 91763K [0x0000000700000000, 0x0000000800000000)
  region size 2048K, 24 young (49152K), 3 survivors (6144K)
 Metaspace       used 58282K, committed 59008K, reserved 1114112K
  class space    used 6816K, committed 7168K, reserved 1048576K
}
Event: 4.675 GC heap after
{Heap after GC invocations=14 (full 0):
 garbage-first heap   total 108544K, used 55726K [0x0000000700000000, 0x0000000800000000)
  region size 2048K, 3 young (6144K), 3 survivors (6144K)
 Metaspace       used 58282K, committed 59008K, reserved 1114112K
  class space    used 6816K, committed 7168K, reserved 1048576K
}
Event: 4.983 GC heap before
{Heap before GC invocations=14 (full 0):
 garbage-first heap   total 108544K, used 68014K [0x0000000700000000, 0x0000000800000000)
  region size 2048K, 10 young (20480K), 3 survivors (6144K)
 Metaspace       used 59735K, committed 60416K, reserved 1114112K
  class space    used 6968K, committed 7296K, reserved 1048576K
}
Event: 4.992 GC heap after
{Heap after GC invocations=15 (full 0):
 garbage-first heap   total 108544K, used 58205K [0x0000000700000000, 0x0000000800000000)
  region size 2048K, 1 young (2048K), 1 survivors (2048K)
 Metaspace       used 59735K, committed 60416K, reserved 1114112K
  class space    used 6968K, committed 7296K, reserved 1048576K
}
Event: 5.558 GC heap before
{Heap before GC invocations=16 (full 0):
 garbage-first heap   total 108544K, used 93021K [0x0000000700000000, 0x0000000800000000)
  region size 2048K, 18 young (36864K), 1 survivors (2048K)
 Metaspace       used 62855K, committed 63616K, reserved 1114112K
  class space    used 7335K, committed 7680K, reserved 1048576K
}
Event: 5.566 GC heap after
{Heap after GC invocations=17 (full 0):
 garbage-first heap   total 108544K, used 62396K [0x0000000700000000, 0x0000000800000000)
  region size 2048K, 3 young (6144K), 3 survivors (6144K)
 Metaspace       used 62855K, committed 63616K, reserved 1114112K
  class space    used 7335K, committed 7680K, reserved 1048576K
}
Event: 5.968 GC heap before
{Heap before GC invocations=17 (full 0):
 garbage-first heap   total 108544K, used 91068K [0x0000000700000000, 0x0000000800000000)
  region size 2048K, 18 young (36864K), 3 survivors (6144K)
 Metaspace       used 64284K, committed 65024K, reserved 1114112K
  class space    used 7442K, committed 7808K, reserved 1048576K
}
Event: 5.982 GC heap after
{Heap after GC invocations=18 (full 0):
 garbage-first heap   total 108544K, used 66474K [0x0000000700000000, 0x0000000800000000)
  region size 2048K, 3 young (6144K), 3 survivors (6144K)
 Metaspace       used 64284K, committed 65024K, reserved 1114112K
  class space    used 7442K, committed 7808K, reserved 1048576K
}
Event: 6.429 GC heap before
{Heap before GC invocations=18 (full 0):
 garbage-first heap   total 108544K, used 93098K [0x0000000700000000, 0x0000000800000000)
  region size 2048K, 16 young (32768K), 3 survivors (6144K)
 Metaspace       used 65008K, committed 65728K, reserved 1114112K
  class space    used 7479K, committed 7808K, reserved 1048576K
}
Event: 6.438 GC heap after
{Heap after GC invocations=19 (full 0):
 garbage-first heap   total 131072K, used 69369K [0x0000000700000000, 0x0000000800000000)
  region size 2048K, 2 young (4096K), 2 survivors (4096K)
 Metaspace       used 65008K, committed 65728K, reserved 1114112K
  class space    used 7479K, committed 7808K, reserved 1048576K
}
Event: 7.421 GC heap before
{Heap before GC invocations=20 (full 0):
 garbage-first heap   total 131072K, used 112377K [0x0000000700000000, 0x0000000800000000)
  region size 2048K, 23 young (47104K), 2 survivors (4096K)
 Metaspace       used 66681K, committed 67392K, reserved 1114112K
  class space    used 7619K, committed 7936K, reserved 1048576K
}
Event: 7.428 GC heap after
{Heap after GC invocations=21 (full 0):
 garbage-first heap   total 131072K, used 73719K [0x0000000700000000, 0x0000000800000000)
  region size 2048K, 3 young (6144K), 3 survivors (6144K)
 Metaspace       used 66681K, committed 67392K, reserved 1114112K
  class space    used 7619K, committed 7936K, reserved 1048576K
}
Event: 7.970 GC heap before
{Heap before GC invocations=21 (full 0):
 garbage-first heap   total 131072K, used 116727K [0x0000000700000000, 0x0000000800000000)
  region size 2048K, 24 young (49152K), 3 survivors (6144K)
 Metaspace       used 67117K, committed 67904K, reserved 1114112K
  class space    used 7655K, committed 8000K, reserved 1048576K
}
Event: 7.983 GC heap after
{Heap after GC invocations=22 (full 0):
 garbage-first heap   total 131072K, used 79185K [0x0000000700000000, 0x0000000800000000)
  region size 2048K, 3 young (6144K), 3 survivors (6144K)
 Metaspace       used 67117K, committed 67904K, reserved 1114112K
  class space    used 7655K, committed 8000K, reserved 1048576K
}
Event: 8.539 GC heap before
{Heap before GC invocations=22 (full 0):
 garbage-first heap   total 131072K, used 116049K [0x0000000700000000, 0x0000000800000000)
  region size 2048K, 21 young (43008K), 3 survivors (6144K)
 Metaspace       used 67381K, committed 68160K, reserved 1114112K
  class space    used 7664K, committed 8000K, reserved 1048576K
}
Event: 8.546 GC heap after
{Heap after GC invocations=23 (full 0):
 garbage-first heap   total 131072K, used 82803K [0x0000000700000000, 0x0000000800000000)
  region size 2048K, 2 young (4096K), 2 survivors (4096K)
 Metaspace       used 67381K, committed 68160K, reserved 1114112K
  class space    used 7664K, committed 8000K, reserved 1048576K
}

