# JRE version: OpenJDK Runtime Environment (21.0.6) (build 21.0.6+-13368085-b895.109)
# Java VM: OpenJDK 64-Bit Server VM (21.0.6+-13368085-b895.109, mixed mode, tiered, compressed oops, compressed class ptrs, g1 gc, bsd-amd64)
GC Precious Log:
 CardTable entry size: 512
 Card Set container configuration: InlinePtr #cards 4 size 8 Array Of Cards #cards 16 size 48 Howl #buckets 8 coarsen threshold 3686 Howl Bitmap #cards 512 size 80 coarsen threshold 460 Card regions per heap region 1 cards per card region 4096
 CPUs: 12 total, 12 available
 Memory: 16384M
 Large Page Support: Disabled
 NUMA Support: Disabled
 Compressed Oops: Enabled (Zero based)
 Heap Region Size: 2M
 Heap Min Capacity: 8M
 Heap Initial Capacity: 256M
 Heap Max Capacity: 4G
 Pre-touch: Disabled
 Parallel Workers: 10
 Concurrent Workers: 3
 Concurrent Refinement Workers: 10
 Periodic GC: Disabled
Heap:
 garbage-first heap   total 151552K, used 98288K [0x0000000700000000, 0x0000000800000000)
  region size 2048K, 7 young (14336K), 3 survivors (6144K)
 Metaspace       used 67963K, committed 68736K, reserved 1114112K
  class space    used 7680K, committed 8000K, reserved 1048576K
GC Heap History (20 events):
Event: 5.459 GC heap before
{Heap before GC invocations=16 (full 0):
 garbage-first heap   total 110592K, used 95000K [0x0000000700000000, 0x0000000800000000)
  region size 2048K, 20 young (40960K), 2 survivors (4096K)
 Metaspace       used 63283K, committed 64064K, reserved 1114112K
  class space    used 7371K, committed 7744K, reserved 1048576K
}
Event: 5.472 GC heap after
{Heap after GC invocations=17 (full 0):
 garbage-first heap   total 110592K, used 63088K [0x0000000700000000, 0x0000000800000000)
  region size 2048K, 3 young (6144K), 3 survivors (6144K)
 Metaspace       used 63283K, committed 64064K, reserved 1114112K
  class space    used 7371K, committed 7744K, reserved 1048576K
}
Event: 6.053 GC heap before
{Heap before GC invocations=17 (full 0):
 garbage-first heap   total 110592K, used 95856K [0x0000000700000000, 0x0000000800000000)
  region size 2048K, 19 young (38912K), 3 survivors (6144K)
 Metaspace       used 64598K, committed 65344K, reserved 1114112K
  class space    used 7447K, committed 7808K, reserved 1048576K
}
Event: 6.064 GC heap after
{Heap after GC invocations=18 (full 0):
 garbage-first heap   total 110592K, used 67584K [0x0000000700000000, 0x0000000800000000)
  region size 2048K, 2 young (4096K), 2 survivors (4096K)
 Metaspace       used 64598K, committed 65344K, reserved 1114112K
  class space    used 7447K, committed 7808K, reserved 1048576K
}
Event: 6.615 GC heap before
{Heap before GC invocations=19 (full 0):
 garbage-first heap   total 112640K, used 98304K [0x0000000700000000, 0x0000000800000000)
  region size 2048K, 17 young (34816K), 2 survivors (4096K)
 Metaspace       used 65297K, committed 66048K, reserved 1114112K
  class space    used 7494K, committed 7808K, reserved 1048576K
}
Event: 6.624 GC heap after
{Heap after GC invocations=20 (full 0):
 garbage-first heap   total 112640K, used 71441K [0x0000000700000000, 0x0000000800000000)
  region size 2048K, 2 young (4096K), 2 survivors (4096K)
 Metaspace       used 65297K, committed 66048K, reserved 1114112K
  class space    used 7494K, committed 7808K, reserved 1048576K
}
Event: 7.105 GC heap before
{Heap before GC invocations=20 (full 0):
 garbage-first heap   total 112640K, used 98065K [0x0000000700000000, 0x0000000800000000)
  region size 2048K, 15 young (30720K), 2 survivors (4096K)
 Metaspace       used 66616K, committed 67328K, reserved 1114112K
  class space    used 7618K, committed 7936K, reserved 1048576K
}
Event: 7.115 GC heap after
{Heap after GC invocations=21 (full 0):
 garbage-first heap   total 112640K, used 74390K [0x0000000700000000, 0x0000000800000000)
  region size 2048K, 2 young (4096K), 2 survivors (4096K)
 Metaspace       used 66616K, committed 67328K, reserved 1114112K
  class space    used 7618K, committed 7936K, reserved 1048576K
}
Event: 7.407 GC heap before
{Heap before GC invocations=21 (full 0):
 garbage-first heap   total 112640K, used 98966K [0x0000000700000000, 0x0000000800000000)
  region size 2048K, 14 young (28672K), 2 survivors (4096K)
 Metaspace       used 66926K, committed 67648K, reserved 1114112K
  class space    used 7643K, committed 8000K, reserved 1048576K
}
Event: 7.415 GC heap after
{Heap after GC invocations=22 (full 0):
 garbage-first heap   total 135168K, used 78204K [0x0000000700000000, 0x0000000800000000)
  region size 2048K, 2 young (4096K), 2 survivors (4096K)
 Metaspace       used 66926K, committed 67648K, reserved 1114112K
  class space    used 7643K, committed 8000K, reserved 1048576K
}
Event: 8.024 GC heap before
{Heap before GC invocations=23 (full 0):
 garbage-first heap   total 135168K, used 119164K [0x0000000700000000, 0x0000000800000000)
  region size 2048K, 22 young (45056K), 2 survivors (4096K)
 Metaspace       used 67322K, committed 68096K, reserved 1114112K
  class space    used 7663K, committed 8000K, reserved 1048576K
}
Event: 8.030 GC heap after
{Heap after GC invocations=24 (full 0):
 garbage-first heap   total 135168K, used 81663K [0x0000000700000000, 0x0000000800000000)
  region size 2048K, 3 young (6144K), 3 survivors (6144K)
 Metaspace       used 67322K, committed 68096K, reserved 1114112K
  class space    used 7663K, committed 8000K, reserved 1048576K
}
Event: 8.491 GC heap before
{Heap before GC invocations=24 (full 0):
 garbage-first heap   total 135168K, used 120575K [0x0000000700000000, 0x0000000800000000)
  region size 2048K, 22 young (45056K), 3 survivors (6144K)
 Metaspace       used 67522K, committed 68288K, reserved 1114112K
  class space    used 7667K, committed 8000K, reserved 1048576K
}
Event: 8.501 GC heap after
{Heap after GC invocations=25 (full 0):
 garbage-first heap   total 137216K, used 85724K [0x0000000700000000, 0x0000000800000000)
  region size 2048K, 3 young (6144K), 3 survivors (6144K)
 Metaspace       used 67522K, committed 68288K, reserved 1114112K
  class space    used 7667K, committed 8000K, reserved 1048576K
}
Event: 8.941 GC heap before
{Heap before GC invocations=25 (full 0):
 garbage-first heap   total 137216K, used 120540K [0x0000000700000000, 0x0000000800000000)
  region size 2048K, 20 young (40960K), 3 survivors (6144K)
 Metaspace       used 67644K, committed 68416K, reserved 1114112K
  class space    used 7672K, committed 8000K, reserved 1048576K
}
Event: 8.947 GC heap after
{Heap after GC invocations=26 (full 0):
 garbage-first heap   total 137216K, used 88287K [0x0000000700000000, 0x0000000800000000)
  region size 2048K, 2 young (4096K), 2 survivors (4096K)
 Metaspace       used 67644K, committed 68416K, reserved 1114112K
  class space    used 7672K, committed 8000K, reserved 1048576K
}
Event: 9.366 GC heap before
{Heap before GC invocations=27 (full 0):
 garbage-first heap   total 151552K, used 121055K [0x0000000700000000, 0x0000000800000000)
  region size 2048K, 18 young (36864K), 2 survivors (4096K)
 Metaspace       used 67826K, committed 68608K, reserved 1114112K
  class space    used 7679K, committed 8000K, reserved 1048576K
}
Event: 9.370 GC heap after
{Heap after GC invocations=28 (full 0):
 garbage-first heap   total 151552K, used 90614K [0x0000000700000000, 0x0000000800000000)
  region size 2048K, 3 young (6144K), 3 survivors (6144K)
 Metaspace       used 67826K, committed 68608K, reserved 1114112K
  class space    used 7679K, committed 8000K, reserved 1048576K
}
Event: 9.818 GC heap before
{Heap before GC invocations=28 (full 0):
 garbage-first heap   total 151552K, used 133622K [0x0000000700000000, 0x0000000800000000)
  region size 2048K, 24 young (49152K), 3 survivors (6144K)
 Metaspace       used 67946K, committed 68672K, reserved 1114112K
  class space    used 7680K, committed 8000K, reserved 1048576K
}
Event: 9.828 GC heap after
{Heap after GC invocations=29 (full 0):
 garbage-first heap   total 151552K, used 92144K [0x0000000700000000, 0x0000000800000000)
  region size 2048K, 3 young (6144K), 3 survivors (6144K)
 Metaspace       used 67946K, committed 68672K, reserved 1114112K
  class space    used 7680K, committed 8000K, reserved 1048576K
}

